{
  "RSpec": {
    "coverage": {
      "/Users/Sarah/Documents/Projects/programs/Makers/final_project/app/models/user.rb": [
        1,
        null,
        null,
        1,
        null,
        null,
        1,
        1,
        1,
        1,
        null,
        1,
        1,
        1,
        1,
        null,
        null,
        1,
        0,
        null,
        0,
        0,
        0,
        0,
        null,
        null,
        null,
        null,
        1,
        6,
        6,
        0,
        null,
        null,
        null,
        null,
        1,
        66,
        null,
        null,
        1,
        9,
        19,
        9,
        null,
        null
      ],
      "/Users/Sarah/Documents/Projects/programs/Makers/final_project/app/helpers/activity_helper.rb": [
        1,
        null
      ],
      "/Users/Sarah/Documents/Projects/programs/Makers/final_project/app/helpers/application_helper.rb": [
        1,
        null
      ],
      "/Users/Sarah/Documents/Projects/programs/Makers/final_project/app/helpers/ratings_helper.rb": [
        1,
        null
      ],
      "/Users/Sarah/Documents/Projects/programs/Makers/final_project/app/helpers/users_helper.rb": [
        1,
        null
      ],
      "/Users/Sarah/Documents/Projects/programs/Makers/final_project/app/models/activity.rb": [
        1,
        1,
        1,
        1,
        1,
        1,
        null,
        1,
        1,
        1,
        1,
        1,
        1,
        null,
        null,
        null,
        null,
        1,
        15,
        null,
        null,
        1,
        39,
        null,
        null,
        null,
        1,
        7,
        76,
        null,
        null,
        1,
        7,
        null,
        null,
        1,
        7,
        null,
        null,
        null
      ],
      "/Users/Sarah/Documents/Projects/programs/Makers/final_project/app/models/attendance.rb": [
        1,
        null,
        1,
        1,
        null,
        1,
        1,
        null,
        1,
        15,
        0,
        null,
        null,
        null
      ],
      "/Users/Sarah/Documents/Projects/programs/Makers/final_project/app/models/rating.rb": [
        1,
        1,
        1,
        1,
        null
      ],
      "/Users/Sarah/Documents/Projects/programs/Makers/final_project/app/models/category.rb": [
        1,
        null
      ],
      "/Users/Sarah/Documents/Projects/programs/Makers/final_project/app/controllers/activities_controller.rb": [
        1,
        null,
        1,
        268,
        268,
        2,
        null,
        null,
        0,
        null,
        266,
        null,
        268,
        null,
        null,
        1,
        46,
        46,
        46,
        null,
        null,
        1,
        46,
        46,
        46,
        39,
        39,
        null,
        7,
        null,
        46,
        null,
        null,
        1,
        77,
        77,
        77,
        77,
        null,
        null,
        null,
        null,
        null,
        null,
        null,
        null,
        null,
        null,
        null,
        77,
        77,
        77,
        112,
        null,
        null,
        null,
        1,
        92,
        null,
        null,
        1,
        46,
        46,
        46,
        null,
        null,
        1,
        1,
        1,
        1,
        null,
        null
      ],
      "/Users/Sarah/Documents/Projects/programs/Makers/final_project/app/controllers/application_controller.rb": [
        1,
        null,
        null,
        1,
        null,
        1,
        null,
        1,
        138,
        191,
        135,
        null,
        null,
        1,
        null
      ],
      "/Users/Sarah/Documents/Projects/programs/Makers/final_project/app/controllers/users/sessions_controller.rb": [
        1,
        null,
        null,
        null,
        null,
        null,
        null,
        null,
        null,
        null,
        null,
        null,
        null,
        null,
        null,
        null,
        null,
        null,
        null,
        null,
        null,
        null,
        null,
        null,
        null
      ],
      "/Users/Sarah/Documents/Projects/programs/Makers/final_project/app/mailers/confirmation_mailer.rb": [
        1,
        null,
        1,
        39,
        39,
        39,
        39,
        null,
        null,
        1,
        15,
        15,
        15,
        15,
        null,
        null,
        1,
        15,
        15,
        15,
        15,
        15,
        null,
        null,
        null,
        null
      ],
      "/Users/Sarah/Documents/Projects/programs/Makers/final_project/app/mailers/application_mailer.rb": [
        1,
        1,
        1,
        null
      ],
      "/Users/Sarah/Documents/Projects/programs/Makers/final_project/app/controllers/attendances_controller.rb": [
        1,
        null,
        1,
        0,
        0,
        0,
        null,
        null,
        1,
        15,
        15,
        15,
        15,
        15,
        15,
        15,
        15,
        15,
        null,
        0,
        null,
        null,
        0,
        null,
        null,
        null,
        1,
        2,
        2,
        2,
        2,
        2,
        2,
        null,
        null,
        null,
        null
      ],
      "/Users/Sarah/Documents/Projects/programs/Makers/final_project/app/controllers/categories_controller.rb": [
        1,
        1,
        1,
        null,
        null
      ],
      "/Users/Sarah/Documents/Projects/programs/Makers/final_project/app/controllers/users_controller.rb": [
        1,
        1,
        22,
        22,
        9,
        9,
        9,
        null,
        22,
        22,
        null,
        null
      ],
      "/Users/Sarah/Documents/Projects/programs/Makers/final_project/app/controllers/ratings_controller.rb": [
        1,
        1,
        7,
        7,
        null,
        null,
        1,
        7,
        7,
        7,
        1,
        null,
        7,
        null,
        null,
        1,
        7,
        null,
        null
      ]
    },
    "timestamp": 1443694394
  }
}
