{
  "RSpec": {
    "coverage": {
      "/Users/Sarah/Documents/Projects/programs/Makers/final_project/app/models/user.rb": [
        1,
        null,
        null,
        1,
        null,
        null,
        1,
        1,
        1,
        1,
        null,
        1,
        1,
        1,
        1,
        null,
        null,
        1,
        0,
        null,
        0,
        0,
        0,
        0,
        null,
        null,
        null,
        null,
        1,
        0,
        0,
        0,
        null,
        null,
        null,
        null,
        1,
        0,
        null,
        null,
        1,
        0,
        0,
        0,
        null,
        null
      ],
      "/Users/Sarah/Documents/Projects/programs/Makers/final_project/app/helpers/activity_helper.rb": [
        1,
        null
      ],
      "/Users/Sarah/Documents/Projects/programs/Makers/final_project/app/helpers/application_helper.rb": [
        1,
        null
      ],
      "/Users/Sarah/Documents/Projects/programs/Makers/final_project/app/helpers/ratings_helper.rb": [
        1,
        null
      ],
      "/Users/Sarah/Documents/Projects/programs/Makers/final_project/app/helpers/users_helper.rb": [
        1,
        null
      ],
      "/Users/Sarah/Documents/Projects/programs/Makers/final_project/app/models/category.rb": [
        1,
        null
      ],
      "/Users/Sarah/Documents/Projects/programs/Makers/final_project/app/controllers/activities_controller.rb": [
        1,
        null,
        1,
        1,
        1,
        0,
        null,
        null,
        0,
        null,
        1,
        null,
        1,
        null,
        null,
        1,
        0,
        0,
        0,
        null,
        null,
        1,
        0,
        0,
        0,
        0,
        0,
        null,
        0,
        null,
        0,
        null,
        null,
        1,
        0,
        0,
        0,
        0,
        null,
        null,
        null,
        null,
        null,
        null,
        null,
        null,
        null,
        null,
        null,
        0,
        0,
        0,
        0,
        null,
        null,
        null,
        1,
        0,
        null,
        null,
        1,
        0,
        0,
        0,
        null,
        null,
        1,
        0,
        0,
        0,
        null,
        null
      ],
      "/Users/Sarah/Documents/Projects/programs/Makers/final_project/app/controllers/application_controller.rb": [
        1,
        null,
        null,
        1,
        null,
        1,
        null,
        1,
        0,
        0,
        0,
        null,
        null,
        1,
        null
      ],
      "/Users/Sarah/Documents/Projects/programs/Makers/final_project/app/models/activity.rb": [
        1,
        1,
        1,
        1,
        1,
        1,
        null,
        1,
        1,
        1,
        1,
        1,
        1,
        null,
        null,
        null,
        null,
        1,
        0,
        null,
        null,
        1,
        0,
        null,
        null,
        null,
        1,
        0,
        0,
        null,
        null,
        1,
        0,
        null,
        null,
        1,
        0,
        null,
        null,
        null
      ]
    },
    "timestamp": 1443782900
  }
}
